<?xml version="1.0" encoding="utf-8"?><testsuites name="pytest tests"><testsuite name="pytest" errors="0" failures="0" skipped="2" tests="93" time="26.872" timestamp="2026-05-25T19:46:49.182189+00:00" hostname="agent-env-2edd9195-5f23-4505-b9a0-3d125a76ce98"><testcase classname="backend.tests.test_betfair_integration" name="test_betfair_status_reports_geo_blocked" time="0.508" /><testcase classname="backend.tests.test_betfair_integration" name="test_betfair_funds_returns_502_geo_blocked" time="0.118" /><testcase classname="backend.tests.test_betfair_integration" name="test_refresh_bank_rejects_simulator_session" time="0.198" /><testcase classname="backend.tests.test_betfair_integration" name="test_refresh_bank_404_on_missing_session" time="0.103" /><testcase classname="backend.tests.test_betfair_integration" name="test_create_paper_live_session_returns_502_when_betfair_blocked" time="0.121" /><testcase classname="backend.tests.test_betfair_integration" name="test_create_live_session_requires_risk_acceptance_first" time="0.104" /><testcase classname="backend.tests.test_betfair_integration" name="test_create_live_session_with_risk_returns_502_when_betfair_blocked" time="0.113" /><testcase classname="backend.tests.test_betfair_integration" name="test_create_simulator_session_uses_user_supplied_bank" time="0.227" /><testcase classname="backend.tests.test_licensing.TestLicenceStatus" name="test_status_fresh_install" time="0.150" /><testcase classname="backend.tests.test_licensing.TestLicenceActivate" name="test_activate_unknown_key_returns_404" time="0.164" /><testcase classname="backend.tests.test_licensing.TestLicenceActivate" name="test_activate_valid_key_binds" time="0.171" /><testcase classname="backend.tests.test_licensing.TestLicenceActivate" name="test_activate_already_bound_elsewhere_returns_409" time="0.294" /><testcase classname="backend.tests.test_licensing.TestLicenceRefresh" name="test_refresh_updates_last_validation" time="1.455" /><testcase classname="backend.tests.test_licensing.TestLicenceRelease" name="test_release_clears_state" time="0.354" /><testcase classname="backend.tests.test_licensing.TestSessionLicenceGate" name="test_simulator_session_no_licence_required" time="0.137" /><testcase classname="backend.tests.test_licensing.TestSessionLicenceGate" name="test_paper_live_without_licence_returns_402" time="0.144" /><testcase classname="backend.tests.test_licensing.TestSessionLicenceGate" name="test_paper_live_with_licence_passes_gate" time="0.230" /><testcase classname="backend.tests.test_licensing.TestStripeCheckout" name="test_checkout_creates_session" time="0.000"><skipped type="pytest.skip" message="No real Stripe test key configured (STRIPE_API_KEY=sk_test_emergent)">/app/backend/tests/test_licensing.py:183: No real Stripe test key configured (STRIPE_API_KEY=sk_test_emergent)</skipped></testcase><testcase classname="backend.tests.test_licensing.TestStripeCheckout" name="test_status_unpaid_session_no_pydantic_crash" time="0.128"><skipped type="pytest.skip" message="No real Stripe test key configured (STRIPE_API_KEY=sk_test_emergent)">/app/backend/tests/test_licensing.py:187: No real Stripe test key configured (STRIPE_API_KEY=sk_test_emergent)</skipped></testcase><testcase classname="backend.tests.test_marketing" name="test_stripe_checkout_requires_central_mode" time="0.100" /><testcase classname="backend.tests.test_marketing" name="test_paypal_checkout_returns_placeholder" time="0.111" /><testcase classname="backend.tests.test_marketing" name="test_contact_valid_payload" time="0.094" /><testcase classname="backend.tests.test_marketing" name="test_contact_missing_email" time="0.099" /><testcase classname="backend.tests.test_marketing" name="test_contact_invalid_email" time="0.102" /><testcase classname="backend.tests.test_marketing" name="test_contact_empty_message" time="0.123" /><testcase classname="backend.tests.test_marketing" name="test_root_api_alive" time="0.098" /><testcase classname="backend.tests.test_marketing" name="test_sessions_list" time="0.125" /><testcase classname="backend.tests.test_marketing" name="test_daily_stats_alive" time="0.093" /><testcase classname="backend.tests.test_marketing" name="test_preview_cap_alive" time="0.126" /><testcase classname="backend.tests.test_new_features" name="test_create_session_max_recovery_level_5" time="0.146" /><testcase classname="backend.tests.test_new_features" name="test_create_session_max_recovery_level_invalid" time="0.119" /><testcase classname="backend.tests.test_new_features" name="test_create_session_max_recovery_level_1" time="0.146" /><testcase classname="backend.tests.test_new_features" name="test_recovery_busts_only_after_max_level_loss" time="5.214" /><testcase classname="backend.tests.test_new_features" name="test_run_races_batch_10" time="0.226" /><testcase classname="backend.tests.test_new_features" name="test_run_races_invalid_count" time="0.193" /><testcase classname="backend.tests.test_new_features" name="test_preview_cap_max_recovery_level_5" time="0.132" /><testcase classname="backend.tests.test_new_features" name="test_preview_cap_max_recovery_level_1" time="0.108" /><testcase classname="backend.tests.test_new_features" name="test_liability_cap_blocks_recovery" time="0.247" /><testcase classname="backend.tests.test_new_features" name="test_odds_range_filter_skips_bets" time="1.144" /><testcase classname="backend.tests.test_new_features" name="test_bank_carryover_returns_recent" time="0.243" /><testcase classname="backend.tests.test_new_features" name="test_bank_current_returns_none_or_value" time="0.114" /><testcase classname="backend.tests.test_new_features" name="test_daily_stats_shape" time="0.099" /><testcase classname="backend.tests.test_new_features" name="test_stop_loss_triggers" time="0.216" /><testcase classname="backend.tests.test_new_features" name="test_stop_win_triggers" time="0.195" /><testcase classname="backend.tests.test_new_features" name="test_recovery_overrun_mode" time="0.206" /><testcase classname="backend.tests.test_race_categories.TestCategoryDetection" name="test_detect_distance_only" time="0.000" /><testcase classname="backend.tests.test_race_categories.TestCategoryDetection" name="test_detect_grade_and_distance" time="0.000" /><testcase classname="backend.tests.test_race_categories.TestCategoryDetection" name="test_detect_open_race" time="0.000" /><testcase classname="backend.tests.test_race_categories.TestCategoryDetection" name="test_detect_hurdle" time="0.000" /><testcase classname="backend.tests.test_race_categories.TestCategoryDetection" name="test_falls_back_on_empty" time="0.000" /><testcase classname="backend.tests.test_race_categories.TestCategoryDetection" name="test_marathon_band" time="0.000" /><testcase classname="backend.tests.test_race_categories.TestWinRates" name="test_grade_tables_sum_to_one[A1]" time="0.000" /><testcase classname="backend.tests.test_race_categories.TestWinRates" name="test_grade_tables_sum_to_one[A2]" time="0.000" /><testcase classname="backend.tests.test_race_categories.TestWinRates" name="test_grade_tables_sum_to_one[A3]" time="0.000" /><testcase classname="backend.tests.test_race_categories.TestWinRates" name="test_grade_tables_sum_to_one[A4]" time="0.000" /><testcase classname="backend.tests.test_race_categories.TestWinRates" name="test_grade_tables_sum_to_one[A5]" time="0.000" /><testcase classname="backend.tests.test_race_categories.TestWinRates" name="test_grade_tables_sum_to_one[A6]" time="0.000" /><testcase classname="backend.tests.test_race_categories.TestWinRates" name="test_grade_tables_sum_to_one[A7]" time="0.000" /><testcase classname="backend.tests.test_race_categories.TestWinRates" name="test_grade_tables_sum_to_one[A8]" time="0.000" /><testcase classname="backend.tests.test_race_categories.TestWinRates" name="test_grade_tables_sum_to_one[A9]" time="0.000" /><testcase classname="backend.tests.test_race_categories.TestWinRates" name="test_grade_tables_sum_to_one[A10]" time="0.000" /><testcase classname="backend.tests.test_race_categories.TestWinRates" name="test_grade_tables_sum_to_one[A11]" time="0.000" /><testcase classname="backend.tests.test_race_categories.TestWinRates" name="test_grade_tables_sum_to_one[OR]" time="0.000" /><testcase classname="backend.tests.test_race_categories.TestWinRates" name="test_grade_tables_sum_to_one[H1]" time="0.000" /><testcase classname="backend.tests.test_race_categories.TestWinRates" name="test_grade_tables_sum_to_one[H2]" time="0.000" /><testcase classname="backend.tests.test_race_categories.TestWinRates" name="test_grade_tables_sum_to_one[H3]" time="0.000" /><testcase classname="backend.tests.test_race_categories.TestWinRates" name="test_band_tables_sum_to_one[sprint]" time="0.000" /><testcase classname="backend.tests.test_race_categories.TestWinRates" name="test_band_tables_sum_to_one[standard]" time="0.000" /><testcase classname="backend.tests.test_race_categories.TestWinRates" name="test_band_tables_sum_to_one[stayer]" time="0.000" /><testcase classname="backend.tests.test_race_categories.TestWinRates" name="test_band_tables_sum_to_one[marathon]" time="0.000" /><testcase classname="backend.tests.test_race_categories.TestWinRates" name="test_blended_rates_sum_to_one" time="0.000" /><testcase classname="backend.tests.test_race_categories.TestWinRates" name="test_winner_weights_normalised" time="0.000" /><testcase classname="backend.tests.test_race_categories.TestLongRunDistribution" name="test_simulator_long_run_calibration" time="0.277" /><testcase classname="backend.tests.test_race_categories.TestRaceCategoryIntegration" name="test_simulator_race_carries_category" time="0.209" /><testcase classname="backend.tests.test_simulator" name="test_root" time="0.115" /><testcase classname="backend.tests.test_simulator" name="test_create_session_recovery_chains" time="0.135" /><testcase classname="backend.tests.test_simulator" name="test_create_session_4_favs" time="0.152" /><testcase classname="backend.tests.test_simulator" name="test_list_get_delete" time="0.297" /><testcase classname="backend.tests.test_simulator" name="test_next_race_structure" time="0.231" /><testcase classname="backend.tests.test_simulator" name="test_recovery_chain_transitions" time="2.381" /><testcase classname="backend.tests.test_simulator" name="test_stop_session" time="0.333" /><testcase classname="backend.tests.test_simulator" name="test_max_races_stop" time="0.311" /><testcase classname="backend.tests.test_simulator" name="test_404_unknown_session" time="0.190" /><testcase classname="backend.tests.test_sse_events.TestSSEEndpoint" name="test_events_returns_event_stream_content_type" time="0.217" /><testcase classname="backend.tests.test_sse_events.TestSSEEndpoint" name="test_events_returns_404_for_unknown_session" time="0.096" /><testcase classname="backend.tests.test_sse_events.TestSSEEndpoint" name="test_client_disconnect_does_not_break_backend" time="0.368" /><testcase classname="backend.tests.test_sse_events.TestNextRaceEmitsSSE" name="test_next_race_emits_race_resulted_and_bank_updated" time="6.102" /><testcase classname="backend.tests.test_sse_events.TestRefreshLiveSettlement" name="test_404_when_no_live_races" time="0.129" /><testcase classname="backend.tests.test_sse_events.TestRefreshLiveSettlement" name="test_404_for_unknown_session" time="0.100" /><testcase classname="backend.tests.test_sse_events.TestBackendRegression" name="test_licence_status_200" time="0.117" /><testcase classname="backend.tests.test_sse_events.TestBackendRegression" name="test_licence_diag_200" time="0.125" /><testcase classname="backend.tests.test_sse_events.TestBackendRegression" name="test_betfair_status_200" time="0.136" /><testcase classname="backend.tests.test_sse_events.TestBackendRegression" name="test_simulator_session_create_200" time="0.121" /></testsuite></testsuites>