<?xml version="1.0" encoding="utf-8"?><testsuites name="pytest tests"><testsuite name="pytest" errors="0" failures="0" skipped="0" tests="10" time="7.791" timestamp="2026-05-25T19:46:35.544036+00:00" hostname="agent-env-2edd9195-5f23-4505-b9a0-3d125a76ce98"><testcase classname="backend.tests.test_sse_events.TestSSEEndpoint" name="test_events_returns_event_stream_content_type" time="0.374" /><testcase classname="backend.tests.test_sse_events.TestSSEEndpoint" name="test_events_returns_404_for_unknown_session" time="0.109" /><testcase classname="backend.tests.test_sse_events.TestSSEEndpoint" name="test_client_disconnect_does_not_break_backend" time="0.210" /><testcase classname="backend.tests.test_sse_events.TestNextRaceEmitsSSE" name="test_next_race_emits_race_resulted_and_bank_updated" time="6.100" /><testcase classname="backend.tests.test_sse_events.TestRefreshLiveSettlement" name="test_404_when_no_live_races" time="0.123" /><testcase classname="backend.tests.test_sse_events.TestRefreshLiveSettlement" name="test_404_for_unknown_session" time="0.148" /><testcase classname="backend.tests.test_sse_events.TestBackendRegression" name="test_licence_status_200" time="0.103" /><testcase classname="backend.tests.test_sse_events.TestBackendRegression" name="test_licence_diag_200" time="0.170" /><testcase classname="backend.tests.test_sse_events.TestBackendRegression" name="test_betfair_status_200" time="0.283" /><testcase classname="backend.tests.test_sse_events.TestBackendRegression" name="test_simulator_session_create_200" time="0.099" /></testsuite></testsuites>