<?xml version="1.0" encoding="utf-8"?><testsuites name="pytest tests"><testsuite name="pytest" errors="0" failures="3" skipped="0" tests="54" time="20.135" timestamp="2026-05-16T08:57:06.032799+00:00" hostname="agent-env-2edd9195-5f23-4505-b9a0-3d125a76ce98"><testcase classname="backend.tests.test_betfair_integration" name="test_betfair_status_reports_geo_blocked" time="0.142" /><testcase classname="backend.tests.test_betfair_integration" name="test_betfair_funds_returns_502_geo_blocked" time="0.114" /><testcase classname="backend.tests.test_betfair_integration" name="test_refresh_bank_rejects_simulator_session" time="0.195" /><testcase classname="backend.tests.test_betfair_integration" name="test_refresh_bank_404_on_missing_session" time="0.137" /><testcase classname="backend.tests.test_betfair_integration" name="test_create_paper_live_session_returns_502_when_betfair_blocked" time="0.133"><failure message="AssertionError: Expected 502, got 402: {&quot;detail&quot;:&quot;Live Unlock required: No licence key activated on this install&quot;}&#10;assert 402 == 502&#10; +  where 402 = &lt;Response [402]&gt;.status_code">backend/tests/test_betfair_integration.py:90: in test_create_paper_live_session_returns_502_when_betfair_blocked
    assert r.status_code == 502, f"Expected 502, got {r.status_code}: {r.text}"
E   AssertionError: Expected 502, got 402: {"detail":"Live Unlock required: No licence key activated on this install"}
E   assert 402 == 502
E    +  where 402 = &lt;Response [402]&gt;.status_code</failure></testcase><testcase classname="backend.tests.test_betfair_integration" name="test_create_live_session_requires_risk_acceptance_first" time="0.121"><failure message="assert 402 == 400&#10; +  where 402 = &lt;Response [402]&gt;.status_code">backend/tests/test_betfair_integration.py:102: in test_create_live_session_requires_risk_acceptance_first
    assert r.status_code == 400
E   assert 402 == 400
E    +  where 402 = &lt;Response [402]&gt;.status_code</failure></testcase><testcase classname="backend.tests.test_betfair_integration" name="test_create_live_session_with_risk_returns_502_when_betfair_blocked" time="0.100"><failure message="AssertionError: Expected 502, got 402: {&quot;detail&quot;:&quot;Live Unlock required: No licence key activated on this install&quot;}&#10;assert 402 == 502&#10; +  where 402 = &lt;Response [402]&gt;.status_code">backend/tests/test_betfair_integration.py:110: in test_create_live_session_with_risk_returns_502_when_betfair_blocked
    assert r.status_code == 502, f"Expected 502, got {r.status_code}: {r.text}"
E   AssertionError: Expected 502, got 402: {"detail":"Live Unlock required: No licence key activated on this install"}
E   assert 402 == 502
E    +  where 402 = &lt;Response [402]&gt;.status_code</failure></testcase><testcase classname="backend.tests.test_betfair_integration" name="test_create_simulator_session_uses_user_supplied_bank" time="0.179" /><testcase classname="backend.tests.test_licensing.TestLicenceStatus" name="test_status_fresh_install" time="0.143" /><testcase classname="backend.tests.test_licensing.TestLicenceActivate" name="test_activate_unknown_key_returns_404" time="0.164" /><testcase classname="backend.tests.test_licensing.TestLicenceActivate" name="test_activate_valid_key_binds" time="0.167" /><testcase classname="backend.tests.test_licensing.TestLicenceActivate" name="test_activate_already_bound_elsewhere_returns_409" time="0.286" /><testcase classname="backend.tests.test_licensing.TestLicenceRefresh" name="test_refresh_updates_last_validation" time="1.471" /><testcase classname="backend.tests.test_licensing.TestLicenceRelease" name="test_release_clears_state" time="0.380" /><testcase classname="backend.tests.test_licensing.TestSessionLicenceGate" name="test_simulator_session_no_licence_required" time="0.141" /><testcase classname="backend.tests.test_licensing.TestSessionLicenceGate" name="test_paper_live_without_licence_returns_402" time="0.220" /><testcase classname="backend.tests.test_licensing.TestSessionLicenceGate" name="test_paper_live_with_licence_passes_gate" time="0.234" /><testcase classname="backend.tests.test_licensing.TestStripeCheckout" name="test_checkout_creates_session" time="0.553" /><testcase classname="backend.tests.test_licensing.TestStripeCheckout" name="test_status_unpaid_session_no_pydantic_crash" time="0.907" /><testcase classname="backend.tests.test_marketing" name="test_stripe_checkout_requires_central_mode" time="0.504" /><testcase classname="backend.tests.test_marketing" name="test_paypal_checkout_returns_placeholder" time="0.107" /><testcase classname="backend.tests.test_marketing" name="test_contact_valid_payload" time="0.107" /><testcase classname="backend.tests.test_marketing" name="test_contact_missing_email" time="0.113" /><testcase classname="backend.tests.test_marketing" name="test_contact_invalid_email" time="0.111" /><testcase classname="backend.tests.test_marketing" name="test_contact_empty_message" time="0.152" /><testcase classname="backend.tests.test_marketing" name="test_root_api_alive" time="0.149" /><testcase classname="backend.tests.test_marketing" name="test_sessions_list" time="0.310" /><testcase classname="backend.tests.test_marketing" name="test_daily_stats_alive" time="0.118" /><testcase classname="backend.tests.test_marketing" name="test_preview_cap_alive" time="0.113" /><testcase classname="backend.tests.test_new_features" name="test_create_session_max_recovery_level_5" time="0.165" /><testcase classname="backend.tests.test_new_features" name="test_create_session_max_recovery_level_invalid" time="0.102" /><testcase classname="backend.tests.test_new_features" name="test_create_session_max_recovery_level_1" time="0.142" /><testcase classname="backend.tests.test_new_features" name="test_recovery_busts_only_after_max_level_loss" time="4.612" /><testcase classname="backend.tests.test_new_features" name="test_run_races_batch_10" time="0.229" /><testcase classname="backend.tests.test_new_features" name="test_run_races_invalid_count" time="0.197" /><testcase classname="backend.tests.test_new_features" name="test_preview_cap_max_recovery_level_5" time="0.124" /><testcase classname="backend.tests.test_new_features" name="test_preview_cap_max_recovery_level_1" time="0.115" /><testcase classname="backend.tests.test_new_features" name="test_liability_cap_blocks_recovery" time="0.222" /><testcase classname="backend.tests.test_new_features" name="test_odds_range_filter_skips_bets" time="1.048" /><testcase classname="backend.tests.test_new_features" name="test_bank_carryover_returns_recent" time="0.250" /><testcase classname="backend.tests.test_new_features" name="test_bank_current_returns_none_or_value" time="0.114" /><testcase classname="backend.tests.test_new_features" name="test_daily_stats_shape" time="0.106" /><testcase classname="backend.tests.test_new_features" name="test_stop_loss_triggers" time="0.411" /><testcase classname="backend.tests.test_new_features" name="test_stop_win_triggers" time="0.204" /><testcase classname="backend.tests.test_new_features" name="test_recovery_overrun_mode" time="0.204" /><testcase classname="backend.tests.test_simulator" name="test_root" time="0.101" /><testcase classname="backend.tests.test_simulator" name="test_create_session_recovery_chains" time="0.146" /><testcase classname="backend.tests.test_simulator" name="test_create_session_4_favs" time="0.158" /><testcase classname="backend.tests.test_simulator" name="test_list_get_delete" time="0.288" /><testcase classname="backend.tests.test_simulator" name="test_next_race_structure" time="0.204" /><testcase classname="backend.tests.test_simulator" name="test_recovery_chain_transitions" time="2.221" /><testcase classname="backend.tests.test_simulator" name="test_stop_session" time="0.271" /><testcase classname="backend.tests.test_simulator" name="test_max_races_stop" time="0.531" /><testcase classname="backend.tests.test_simulator" name="test_404_unknown_session" time="0.227" /></testsuite></testsuites>