<?xml version="1.0" encoding="utf-8"?><testsuites name="pytest tests"><testsuite name="pytest" errors="0" failures="0" skipped="0" tests="35" time="14.357" timestamp="2026-05-07T08:49:13.591619+00:00" hostname="agent-env-2edd9195-5f23-4505-b9a0-3d125a76ce98"><testcase classname="backend.tests.test_marketing" name="test_stripe_checkout_returns_placeholder" time="0.254" /><testcase classname="backend.tests.test_marketing" name="test_paypal_checkout_returns_placeholder" time="0.111" /><testcase classname="backend.tests.test_marketing" name="test_contact_valid_payload" time="0.143" /><testcase classname="backend.tests.test_marketing" name="test_contact_missing_email" time="0.140" /><testcase classname="backend.tests.test_marketing" name="test_contact_invalid_email" time="0.102" /><testcase classname="backend.tests.test_marketing" name="test_contact_empty_message" time="0.108" /><testcase classname="backend.tests.test_marketing" name="test_root_api_alive" time="0.105" /><testcase classname="backend.tests.test_marketing" name="test_sessions_list" time="0.195" /><testcase classname="backend.tests.test_marketing" name="test_daily_stats_alive" time="0.143" /><testcase classname="backend.tests.test_marketing" name="test_preview_cap_alive" time="0.114" /><testcase classname="backend.tests.test_new_features" name="test_create_session_max_recovery_level_5" time="0.156" /><testcase classname="backend.tests.test_new_features" name="test_create_session_max_recovery_level_invalid" time="0.100" /><testcase classname="backend.tests.test_new_features" name="test_create_session_max_recovery_level_1" time="0.155" /><testcase classname="backend.tests.test_new_features" name="test_recovery_busts_only_after_max_level_loss" time="4.448" /><testcase classname="backend.tests.test_new_features" name="test_run_races_batch_10" time="0.234" /><testcase classname="backend.tests.test_new_features" name="test_run_races_invalid_count" time="0.199" /><testcase classname="backend.tests.test_new_features" name="test_preview_cap_max_recovery_level_5" time="0.141" /><testcase classname="backend.tests.test_new_features" name="test_preview_cap_max_recovery_level_1" time="0.162" /><testcase classname="backend.tests.test_new_features" name="test_liability_cap_blocks_recovery" time="0.275" /><testcase classname="backend.tests.test_new_features" name="test_odds_range_filter_skips_bets" time="1.374" /><testcase classname="backend.tests.test_new_features" name="test_bank_carryover_returns_recent" time="0.256" /><testcase classname="backend.tests.test_new_features" name="test_bank_current_returns_none_or_value" time="0.112" /><testcase classname="backend.tests.test_new_features" name="test_daily_stats_shape" time="0.107" /><testcase classname="backend.tests.test_new_features" name="test_stop_loss_triggers" time="0.219" /><testcase classname="backend.tests.test_new_features" name="test_stop_win_triggers" time="0.197" /><testcase classname="backend.tests.test_new_features" name="test_recovery_overrun_mode" time="0.225" /><testcase classname="backend.tests.test_simulator" name="test_root" time="0.099" /><testcase classname="backend.tests.test_simulator" name="test_create_session_recovery_chains" time="0.150" /><testcase classname="backend.tests.test_simulator" name="test_create_session_4_favs" time="0.149" /><testcase classname="backend.tests.test_simulator" name="test_list_get_delete" time="0.418" /><testcase classname="backend.tests.test_simulator" name="test_next_race_structure" time="0.230" /><testcase classname="backend.tests.test_simulator" name="test_recovery_chain_transitions" time="2.428" /><testcase classname="backend.tests.test_simulator" name="test_stop_session" time="0.267" /><testcase classname="backend.tests.test_simulator" name="test_max_races_stop" time="0.334" /><testcase classname="backend.tests.test_simulator" name="test_404_unknown_session" time="0.192" /></testsuite></testsuites>