<?xml version="1.0" encoding="utf-8"?><testsuites name="pytest tests"><testsuite name="pytest" errors="0" failures="0" skipped="0" tests="43" time="55.385" timestamp="2026-05-11T11:37:47.335900+00:00" hostname="agent-env-2edd9195-5f23-4505-b9a0-3d125a76ce98"><testcase classname="backend.tests.test_betfair_integration" name="test_betfair_status_reports_geo_blocked" time="0.265" /><testcase classname="backend.tests.test_betfair_integration" name="test_betfair_funds_returns_502_geo_blocked" time="0.139" /><testcase classname="backend.tests.test_betfair_integration" name="test_refresh_bank_rejects_simulator_session" time="0.285" /><testcase classname="backend.tests.test_betfair_integration" name="test_refresh_bank_404_on_missing_session" time="0.154" /><testcase classname="backend.tests.test_betfair_integration" name="test_create_paper_live_session_returns_502_when_betfair_blocked" time="0.135" /><testcase classname="backend.tests.test_betfair_integration" name="test_create_live_session_requires_risk_acceptance_first" time="0.108" /><testcase classname="backend.tests.test_betfair_integration" name="test_create_live_session_with_risk_returns_502_when_betfair_blocked" time="0.122" /><testcase classname="backend.tests.test_betfair_integration" name="test_create_simulator_session_uses_user_supplied_bank" time="0.178" /><testcase classname="backend.tests.test_marketing" name="test_stripe_checkout_returns_placeholder" time="0.107" /><testcase classname="backend.tests.test_marketing" name="test_paypal_checkout_returns_placeholder" time="0.110" /><testcase classname="backend.tests.test_marketing" name="test_contact_valid_payload" time="0.136" /><testcase classname="backend.tests.test_marketing" name="test_contact_missing_email" time="0.122" /><testcase classname="backend.tests.test_marketing" name="test_contact_invalid_email" time="0.098" /><testcase classname="backend.tests.test_marketing" name="test_contact_empty_message" time="0.106" /><testcase classname="backend.tests.test_marketing" name="test_root_api_alive" time="0.117" /><testcase classname="backend.tests.test_marketing" name="test_sessions_list" time="0.156" /><testcase classname="backend.tests.test_marketing" name="test_daily_stats_alive" time="0.132" /><testcase classname="backend.tests.test_marketing" name="test_preview_cap_alive" time="0.210" /><testcase classname="backend.tests.test_new_features" name="test_create_session_max_recovery_level_5" time="0.160" /><testcase classname="backend.tests.test_new_features" name="test_create_session_max_recovery_level_invalid" time="0.123" /><testcase classname="backend.tests.test_new_features" name="test_create_session_max_recovery_level_1" time="0.147" /><testcase classname="backend.tests.test_new_features" name="test_recovery_busts_only_after_max_level_loss" time="6.274" /><testcase classname="backend.tests.test_new_features" name="test_run_races_batch_10" time="10.304" /><testcase classname="backend.tests.test_new_features" name="test_run_races_invalid_count" time="10.284" /><testcase classname="backend.tests.test_new_features" name="test_preview_cap_max_recovery_level_5" time="2.250" /><testcase classname="backend.tests.test_new_features" name="test_preview_cap_max_recovery_level_1" time="0.141" /><testcase classname="backend.tests.test_new_features" name="test_liability_cap_blocks_recovery" time="0.264" /><testcase classname="backend.tests.test_new_features" name="test_odds_range_filter_skips_bets" time="6.570" /><testcase classname="backend.tests.test_new_features" name="test_bank_carryover_returns_recent" time="0.280" /><testcase classname="backend.tests.test_new_features" name="test_bank_current_returns_none_or_value" time="10.194" /><testcase classname="backend.tests.test_new_features" name="test_daily_stats_shape" time="0.116" /><testcase classname="backend.tests.test_new_features" name="test_stop_loss_triggers" time="0.189" /><testcase classname="backend.tests.test_new_features" name="test_stop_win_triggers" time="0.199" /><testcase classname="backend.tests.test_new_features" name="test_recovery_overrun_mode" time="0.265" /><testcase classname="backend.tests.test_simulator" name="test_root" time="0.106" /><testcase classname="backend.tests.test_simulator" name="test_create_session_recovery_chains" time="0.198" /><testcase classname="backend.tests.test_simulator" name="test_create_session_4_favs" time="0.149" /><testcase classname="backend.tests.test_simulator" name="test_list_get_delete" time="0.321" /><testcase classname="backend.tests.test_simulator" name="test_next_race_structure" time="0.210" /><testcase classname="backend.tests.test_simulator" name="test_recovery_chain_transitions" time="2.940" /><testcase classname="backend.tests.test_simulator" name="test_stop_session" time="0.240" /><testcase classname="backend.tests.test_simulator" name="test_max_races_stop" time="0.290" /><testcase classname="backend.tests.test_simulator" name="test_404_unknown_session" time="0.273" /></testsuite></testsuites>