<?xml version="1.0" encoding="utf-8"?><testsuites name="pytest tests"><testsuite name="pytest" errors="0" failures="0" skipped="0" tests="11" time="5.213" timestamp="2026-05-16T08:56:56.900626+00:00" hostname="agent-env-2edd9195-5f23-4505-b9a0-3d125a76ce98"><testcase classname="backend.tests.test_licensing.TestLicenceStatus" name="test_status_fresh_install" time="0.330" /><testcase classname="backend.tests.test_licensing.TestLicenceActivate" name="test_activate_unknown_key_returns_404" time="0.177" /><testcase classname="backend.tests.test_licensing.TestLicenceActivate" name="test_activate_valid_key_binds" time="0.173" /><testcase classname="backend.tests.test_licensing.TestLicenceActivate" name="test_activate_already_bound_elsewhere_returns_409" time="0.285" /><testcase classname="backend.tests.test_licensing.TestLicenceRefresh" name="test_refresh_updates_last_validation" time="1.487" /><testcase classname="backend.tests.test_licensing.TestLicenceRelease" name="test_release_clears_state" time="0.391" /><testcase classname="backend.tests.test_licensing.TestSessionLicenceGate" name="test_simulator_session_no_licence_required" time="0.144" /><testcase classname="backend.tests.test_licensing.TestSessionLicenceGate" name="test_paper_live_without_licence_returns_402" time="0.139" /><testcase classname="backend.tests.test_licensing.TestSessionLicenceGate" name="test_paper_live_with_licence_passes_gate" time="0.322" /><testcase classname="backend.tests.test_licensing.TestStripeCheckout" name="test_checkout_creates_session" time="0.743" /><testcase classname="backend.tests.test_licensing.TestStripeCheckout" name="test_status_unpaid_session_no_pydantic_crash" time="0.882" /></testsuite></testsuites>