<?xml version="1.0" encoding="utf-8"?><testsuites name="pytest tests"><testsuite name="pytest" errors="0" failures="1" skipped="0" tests="16" time="8.489" timestamp="2026-05-06T09:01:37.807301+00:00" hostname="agent-env-2edd9195-5f23-4505-b9a0-3d125a76ce98"><testcase classname="backend.tests.test_new_features" name="test_create_session_max_recovery_level_5" time="0.294" /><testcase classname="backend.tests.test_new_features" name="test_create_session_max_recovery_level_invalid" time="0.111" /><testcase classname="backend.tests.test_new_features" name="test_create_session_max_recovery_level_1" time="0.182" /><testcase classname="backend.tests.test_new_features" name="test_recovery_busts_only_after_max_level_loss" time="4.326" /><testcase classname="backend.tests.test_new_features" name="test_run_races_batch_10" time="0.255" /><testcase classname="backend.tests.test_new_features" name="test_run_races_invalid_count" time="0.257" /><testcase classname="backend.tests.test_new_features" name="test_preview_cap_max_recovery_level_5" time="0.113" /><testcase classname="backend.tests.test_new_features" name="test_preview_cap_max_recovery_level_1" time="0.129" /><testcase classname="backend.tests.test_new_features" name="test_liability_cap_blocks_recovery" time="0.143"><failure message="AssertionError: Expected cap-blocked busts with cap=0.50, got 0&#10;assert 0 &gt; 0">backend/tests/test_new_features.py:164: in test_liability_cap_blocks_recovery
    assert cap_blocked &gt; 0, f"Expected cap-blocked busts with cap=0.50, got {cap_blocked}"
E   AssertionError: Expected cap-blocked busts with cap=0.50, got 0
E   assert 0 &gt; 0</failure></testcase><testcase classname="backend.tests.test_new_features" name="test_odds_range_filter_skips_bets" time="1.199" /><testcase classname="backend.tests.test_new_features" name="test_bank_carryover_returns_recent" time="0.280" /><testcase classname="backend.tests.test_new_features" name="test_bank_current_returns_none_or_value" time="0.144" /><testcase classname="backend.tests.test_new_features" name="test_daily_stats_shape" time="0.196" /><testcase classname="backend.tests.test_new_features" name="test_stop_loss_triggers" time="0.195" /><testcase classname="backend.tests.test_new_features" name="test_stop_win_triggers" time="0.190" /><testcase classname="backend.tests.test_new_features" name="test_recovery_overrun_mode" time="0.207" /></testsuite></testsuites>