<?xml version="1.0" encoding="utf-8"?><testsuites name="pytest tests"><testsuite name="pytest" errors="0" failures="0" skipped="0" tests="9" time="4.474" timestamp="2026-05-05T11:17:56.539697+00:00" hostname="agent-env-2edd9195-5f23-4505-b9a0-3d125a76ce98"><testcase classname="backend.tests.test_simulator" name="test_root" time="0.329" /><testcase classname="backend.tests.test_simulator" name="test_create_session_recovery_chains" time="0.184" /><testcase classname="backend.tests.test_simulator" name="test_create_session_4_favs" time="0.188" /><testcase classname="backend.tests.test_simulator" name="test_list_get_delete" time="0.286" /><testcase classname="backend.tests.test_simulator" name="test_next_race_structure" time="0.270" /><testcase classname="backend.tests.test_simulator" name="test_recovery_chain_transitions" time="2.243" /><testcase classname="backend.tests.test_simulator" name="test_stop_session" time="0.292" /><testcase classname="backend.tests.test_simulator" name="test_max_races_stop" time="0.271" /><testcase classname="backend.tests.test_simulator" name="test_404_unknown_session" time="0.275" /></testsuite></testsuites>