<?xml version="1.0" encoding="utf-8"?><testsuites name="pytest tests"><testsuite name="pytest" errors="0" failures="0" skipped="0" tests="25" time="12.828" timestamp="2026-05-06T09:03:09.528629+00:00" hostname="agent-env-2edd9195-5f23-4505-b9a0-3d125a76ce98"><testcase classname="backend.tests.test_new_features" name="test_create_session_max_recovery_level_5" time="0.188" /><testcase classname="backend.tests.test_new_features" name="test_create_session_max_recovery_level_invalid" time="0.102" /><testcase classname="backend.tests.test_new_features" name="test_create_session_max_recovery_level_1" time="0.144" /><testcase classname="backend.tests.test_new_features" name="test_recovery_busts_only_after_max_level_loss" time="4.107" /><testcase classname="backend.tests.test_new_features" name="test_run_races_batch_10" time="0.204" /><testcase classname="backend.tests.test_new_features" name="test_run_races_invalid_count" time="0.193" /><testcase classname="backend.tests.test_new_features" name="test_preview_cap_max_recovery_level_5" time="0.128" /><testcase classname="backend.tests.test_new_features" name="test_preview_cap_max_recovery_level_1" time="0.131" /><testcase classname="backend.tests.test_new_features" name="test_liability_cap_blocks_recovery" time="0.262" /><testcase classname="backend.tests.test_new_features" name="test_odds_range_filter_skips_bets" time="1.064" /><testcase classname="backend.tests.test_new_features" name="test_bank_carryover_returns_recent" time="0.246" /><testcase classname="backend.tests.test_new_features" name="test_bank_current_returns_none_or_value" time="0.144" /><testcase classname="backend.tests.test_new_features" name="test_daily_stats_shape" time="0.251" /><testcase classname="backend.tests.test_new_features" name="test_stop_loss_triggers" time="0.192" /><testcase classname="backend.tests.test_new_features" name="test_stop_win_triggers" time="0.348" /><testcase classname="backend.tests.test_new_features" name="test_recovery_overrun_mode" time="0.222" /><testcase classname="backend.tests.test_simulator" name="test_root" time="0.100" /><testcase classname="backend.tests.test_simulator" name="test_create_session_recovery_chains" time="0.163" /><testcase classname="backend.tests.test_simulator" name="test_create_session_4_favs" time="0.137" /><testcase classname="backend.tests.test_simulator" name="test_list_get_delete" time="0.985" /><testcase classname="backend.tests.test_simulator" name="test_next_race_structure" time="0.196" /><testcase classname="backend.tests.test_simulator" name="test_recovery_chain_transitions" time="2.287" /><testcase classname="backend.tests.test_simulator" name="test_stop_session" time="0.267" /><testcase classname="backend.tests.test_simulator" name="test_max_races_stop" time="0.434" /><testcase classname="backend.tests.test_simulator" name="test_404_unknown_session" time="0.222" /></testsuite></testsuites>